2024-11-11 20:38:17,264 [DEBUG]  Available web server routes: 
/conversations/<conversation_id:path>/messages     POST                           add_message
/conversations/<conversation_id:path>/tracker/events POST                           append_events
/webhooks/rasa                                     GET                            custom_webhook_RasaChatInput.health
/webhooks/rasa/webhook                             POST                           custom_webhook_RasaChatInput.receive
/webhooks/rest                                     GET                            custom_webhook_RestInput.health
/webhooks/rest/webhook                             POST                           custom_webhook_RestInput.receive
/model/test/intents                                POST                           evaluate_intents
/model/test/stories                                POST                           evaluate_stories
/conversations/<conversation_id:path>/execute      POST                           execute_action
/domain                                            GET                            get_domain
/                                                  GET                            hello
/model                                             PUT                            load_model
/model/parse                                       POST                           parse
/conversations/<conversation_id:path>/predict      POST                           predict
/conversations/<conversation_id:path>/tracker/events PUT                            replace_events
/conversations/<conversation_id:path>/story        GET                            retrieve_story
/conversations/<conversation_id:path>/tracker      GET                            retrieve_tracker
/status                                            GET                            status
/model/predict                                     POST                           tracker_predict
/model/train                                       POST                           train
/conversations/<conversation_id:path>/trigger_intent POST                           trigger_intent
/model                                             DELETE                         unload_model
/version                                           GET                            version
2024-11-11 20:38:17,265 [INFO ]  Starting Rasa server on http://0.0.0.0:5555
2024-11-11 20:38:17,265 [DEBUG]  Using the default number of Sanic workers (1).
2024-11-11 20:38:17,329 [DEBUG]  Skipping telemetry reporting: no license hash found.
2024-11-11 20:38:17,352 [DEBUG]  Connected to InMemoryTrackerStore.
2024-11-11 20:38:17,352 [DEBUG]  Connected to lock store 'InMemoryLockStore'.
2024-11-11 20:38:17,352 [DEBUG]  Instantiated NLG to 'TemplatedNaturalLanguageGenerator'.
2024-11-11 20:38:17,353 [INFO ]  Loading model models/20241111-174519-sophisticated-photon.tar.gz...
2024-11-11 20:38:17,392 [DEBUG]  Extracted model to '/var/folders/2t/p40t9q2j5vd9x4spnrzxqq9m0000gn/T/tmpi6_5krih'.
2024-11-11 20:38:17,394 [DEBUG]  Node 'nlu_message_converter' loading 'NLUMessageConverter.load' and kwargs: '{}'.
2024-11-11 20:38:17,394 [DEBUG]  Node 'run_WhitespaceTokenizer0' loading 'WhitespaceTokenizer.load' and kwargs: '{}'.
2024-11-11 20:38:17,395 [DEBUG]  Node 'run_RegexFeaturizer1' loading 'RegexFeaturizer.load' and kwargs: '{}'.
2024-11-11 20:38:17,395 [DEBUG]  Resource 'train_RegexFeaturizer1' was requested for reading.
2024-11-11 20:38:17,395 [DEBUG]  Node 'run_LexicalSyntacticFeaturizer2' loading 'LexicalSyntacticFeaturizer.load' and kwargs: '{}'.
2024-11-11 20:38:17,395 [DEBUG]  Resource 'train_LexicalSyntacticFeaturizer2' was requested for reading.
2024-11-11 20:38:17,396 [DEBUG]  Node 'run_CountVectorsFeaturizer3' loading 'CountVectorsFeaturizer.load' and kwargs: '{}'.
2024-11-11 20:38:17,396 [DEBUG]  Resource 'train_CountVectorsFeaturizer3' was requested for reading.
2024-11-11 20:38:17,397 [DEBUG]  Node 'run_LanguageModelFeaturizer4' loading 'LanguageModelFeaturizer.load' and kwargs: '{}'.
2024-11-11 20:38:17,618 [DEBUG]  Loading Tokenizer and Model for bert
2024-11-11 20:38:17,619 [DEBUG]  Starting new HTTPS connection (1): huggingface.co:443
2024-11-11 20:38:18,574 [DEBUG]  https://huggingface.co:443 "HEAD /bert-base-cased/resolve/main/tokenizer_config.json HTTP/11" 200 0
2024-11-11 20:38:18,804 [DEBUG]  https://huggingface.co:443 "HEAD /bert-base-cased/resolve/main/config.json HTTP/11" 200 0
2024-11-11 20:38:19,376 [DEBUG]  Node 'run_DIETClassifier5' loading 'DIETClassifier.load' and kwargs: '{}'.
2024-11-11 20:38:19,376 [DEBUG]  Resource 'train_DIETClassifier5' was requested for reading.
2024-11-11 20:38:19,377 [DEBUG]  Loading the model from /var/folders/2t/p40t9q2j5vd9x4spnrzxqq9m0000gn/T/tmptqgshvpx/train_DIETClassifier5/DIETClassifier.tf_model with finetune_mode=False...
2024-11-11 20:38:19,382 [DEBUG]  You specified 'DIET' to train entities, but no entities are present in the training data. Skipping training of entities.
2024-11-11 20:38:19,390 [DEBUG]  Following metrics will be logged during training: 
2024-11-11 20:38:19,390 [DEBUG]    t_loss (total loss)
2024-11-11 20:38:19,390 [DEBUG]    i_acc (intent acc)
2024-11-11 20:38:19,390 [DEBUG]    i_loss (intent loss)
2024-11-11 20:38:19,400 [WARNI]  At this time, the v2.11+ optimizer `tf.keras.optimizers.Adam` runs slowly on M1/M2 Macs, please use the legacy Keras optimizer instead, located at `tf.keras.optimizers.legacy.Adam`.
2024-11-11 20:38:19,401 [WARNI]  There is a known slowdown when using v2.11+ Keras optimizers on M1/M2 Macs. Falling back to the legacy Keras optimizer, i.e., `tf.keras.optimizers.legacy.Adam`.
2024-11-11 20:38:21,715 [DEBUG]  Finished loading the model.
2024-11-11 20:38:21,716 [DEBUG]  Node 'run_EntitySynonymMapper6' loading 'EntitySynonymMapper.load' and kwargs: '{}'.
2024-11-11 20:38:21,716 [DEBUG]  Resource 'train_EntitySynonymMapper6' was requested for reading.
2024-11-11 20:38:21,716 [DEBUG]  Failed to load ABCMeta from model storage. Resource 'train_EntitySynonymMapper6' doesn't exist.
2024-11-11 20:38:21,716 [DEBUG]  Node 'run_ResponseSelector7' loading 'ResponseSelector.load' and kwargs: '{}'.
2024-11-11 20:38:21,716 [DEBUG]  Resource 'train_ResponseSelector7' was requested for reading.
2024-11-11 20:38:21,716 [DEBUG]  Failed to load ABCMeta from model storage. Resource 'train_ResponseSelector7' doesn't exist.
2024-11-11 20:38:21,716 [DEBUG]  Resource 'train_ResponseSelector7' was requested for reading.
2024-11-11 20:38:21,716 [DEBUG]  Failed to load ResponseSelector from model storage. Resource 'train_ResponseSelector7' doesn't exist.
2024-11-11 20:38:21,717 [DEBUG]  Node 'run_RegexMessageHandler' loading 'RegexMessageHandler.load' and kwargs: '{}'.
2024-11-11 20:38:21,717 [DEBUG]  Node 'domain_provider' loading 'DomainProvider.load' and kwargs: '{}'.
2024-11-11 20:38:21,717 [DEBUG]  Resource 'domain_provider' was requested for reading.
2024-11-11 20:38:21,725 [DEBUG]  Node 'run_MemoizationPolicy0' loading 'MemoizationPolicy.load' and kwargs: '{}'.
2024-11-11 20:38:21,725 [DEBUG]  Resource 'train_MemoizationPolicy0' was requested for reading.
2024-11-11 20:38:21,725 [DEBUG]  Node 'run_RulePolicy1' loading 'RulePolicy.load' and kwargs: '{}'.
2024-11-11 20:38:21,725 [DEBUG]  Resource 'train_RulePolicy1' was requested for reading.
2024-11-11 20:38:21,726 [DEBUG]  Node 'run_TEDPolicy2' loading 'TEDPolicy.load' and kwargs: '{}'.
2024-11-11 20:38:21,726 [DEBUG]  Resource 'train_TEDPolicy2' was requested for reading.
2024-11-11 20:38:21,726 [DEBUG]  Loading the model from /var/folders/2t/p40t9q2j5vd9x4spnrzxqq9m0000gn/T/tmptqgshvpx/train_TEDPolicy2/ted_policy.tf_model with finetune_mode=False...
2024-11-11 20:38:21,745 [WARNI]  At this time, the v2.11+ optimizer `tf.keras.optimizers.Adam` runs slowly on M1/M2 Macs, please use the legacy Keras optimizer instead, located at `tf.keras.optimizers.legacy.Adam`.
2024-11-11 20:38:21,746 [WARNI]  There is a known slowdown when using v2.11+ Keras optimizers on M1/M2 Macs. Falling back to the legacy Keras optimizer, i.e., `tf.keras.optimizers.legacy.Adam`.
2024-11-11 20:38:24,599 [DEBUG]  Finished loading the model.
2024-11-11 20:38:24,599 [DEBUG]  Node 'rule_only_data_provider' loading 'RuleOnlyDataProvider.load' and kwargs: '{}'.
2024-11-11 20:38:24,599 [DEBUG]  Resource 'train_RulePolicy1' was requested for reading.
2024-11-11 20:38:24,600 [DEBUG]  Node 'select_prediction' loading 'DefaultPolicyPredictionEnsemble.load' and kwargs: '{}'.
2024-11-11 20:38:24,602 [INFO ]  Rasa server is up and running.
2024-11-11 20:38:24,602 [INFO ]  Enabling coroutine debugging. Loop id 13353511728.
2024-11-11 20:38:36,077 [DEBUG]  Issuing ticket for conversation 'shreyas'.
2024-11-11 20:38:36,078 [DEBUG]  Acquiring lock for conversation 'shreyas'.
2024-11-11 20:38:36,078 [DEBUG]  Acquired lock for conversation 'shreyas'.
2024-11-11 20:38:36,078 [DEBUG]  Could not find tracker for conversation ID 'shreyas'.
2024-11-11 20:38:36,078 [DEBUG]  No event broker configured. Skipping streaming events.
2024-11-11 20:38:36,079 [DEBUG]  Starting a new session for conversation ID 'shreyas'.
2024-11-11 20:38:36,083 [DEBUG]  [[32m[1mdebug    [0m] [1mprocessor.actions.policy_prediction[0m [36mprediction_events[0m=[35m[][0m
2024-11-11 20:38:36,084 [DEBUG]  [[32m[1mdebug    [0m] [1mprocessor.actions.log         [0m [36maction_name[0m=[35maction_session_start[0m [36mrasa_events[0m=[35m[<rasa.shared.core.events.SessionStarted object at 0x377f2e7a0>, ActionExecuted(action: action_listen, policy: None, confidence: None)][0m
2024-11-11 20:38:36,085 [DEBUG]  [[32m[1mdebug    [0m] [1mprocessor.slots.log           [0m [36mslot_values[0m=[35m	topic: None
	session_started_metadata: None[0m
2024-11-11 20:38:36,085 [DEBUG]  Running graph with inputs: {'__message__': [<rasa.core.channels.channel.UserMessage object at 0x31bee6cb0>], '__tracker__': <rasa.shared.core.trackers.DialogueStateTracker object at 0x37adbb7f0>}, targets: ['run_RegexMessageHandler'] and ExecutionContext(model_id='cb66d70bb9b847428b4ad4d2039654b7', should_add_diagnostic_data=False, is_finetuning=False, node_name=None).
2024-11-11 20:38:36,085 [DEBUG]  Node 'nlu_message_converter' running 'NLUMessageConverter.convert_user_message'.
2024-11-11 20:38:36,086 [DEBUG]  Node 'run_WhitespaceTokenizer0' running 'WhitespaceTokenizer.process'.
2024-11-11 20:38:36,088 [DEBUG]  Node 'run_RegexFeaturizer1' running 'RegexFeaturizer.process'.
2024-11-11 20:38:36,088 [DEBUG]  Node 'run_LexicalSyntacticFeaturizer2' running 'LexicalSyntacticFeaturizer.process'.
2024-11-11 20:38:36,089 [DEBUG]  Node 'run_CountVectorsFeaturizer3' running 'CountVectorsFeaturizer.process'.
2024-11-11 20:38:36,092 [DEBUG]  Node 'run_LanguageModelFeaturizer4' running 'LanguageModelFeaturizer.process'.
2024-11-11 20:38:36,197 [DEBUG]  Node 'run_DIETClassifier5' running 'DIETClassifier.process'.
2024-11-11 20:38:36,254 [DEBUG]  Node 'run_EntitySynonymMapper6' running 'EntitySynonymMapper.process'.
2024-11-11 20:38:36,254 [DEBUG]  Node 'run_ResponseSelector7' running 'ResponseSelector.process'.
2024-11-11 20:38:36,254 [DEBUG]  There is no trained model for 'ResponseSelector': The component is either not trained or didn't receive enough training data.
2024-11-11 20:38:36,254 [DEBUG]  Adding following selector key to message property: default
2024-11-11 20:38:36,254 [DEBUG]  Node 'domain_provider' running 'DomainProvider.provide_inference'.
2024-11-11 20:38:36,254 [DEBUG]  Node 'run_RegexMessageHandler' running 'RegexMessageHandler.process'.
2024-11-11 20:38:36,255 [DEBUG]  [[32m[1mdebug    [0m] [1mprocessor.message.parse       [0m [36mparse_data_entities[0m=[35m[][0m [36mparse_data_intent[0m=[35m{'name': 'affirm', 'confidence': 0.3208117187023163}[0m [36mparse_data_text[0m=[35mПривет[0m
2024-11-11 20:38:36,255 [DEBUG]  Logged UserUtterance - tracker now has 4 events.
2024-11-11 20:38:36,256 [DEBUG]  Validating extracted slots: topic
2024-11-11 20:38:36,256 [DEBUG]  [[32m[1mdebug    [0m] [1mprocessor.extract.slots       [0m [36maction_extract_slot[0m=[35maction_extract_slots[0m [36mlen_extraction_events[0m=[35m1[0m [36mrasa_events[0m=[35m[SlotSet(key: topic, value: Привет)][0m
2024-11-11 20:38:36,256 [DEBUG]  Running graph with inputs: {'__tracker__': <rasa.shared.core.trackers.DialogueStateTracker object at 0x37adbb7f0>}, targets: ['select_prediction'] and ExecutionContext(model_id='cb66d70bb9b847428b4ad4d2039654b7', should_add_diagnostic_data=False, is_finetuning=False, node_name=None).
2024-11-11 20:38:36,256 [DEBUG]  Node 'rule_only_data_provider' running 'RuleOnlyDataProvider.provide'.
2024-11-11 20:38:36,256 [DEBUG]  Node 'domain_provider' running 'DomainProvider.provide_inference'.
2024-11-11 20:38:36,256 [DEBUG]  Node 'run_MemoizationPolicy0' running 'MemoizationPolicy.predict_action_probabilities'.
2024-11-11 20:38:36,256 [DEBUG]  [[32m[1mdebug    [0m] [1mmemoization.predict.actions   [0m [36mtracker_states[0m=[35m[{}, {'user': {'intent': 'affirm'}, 'prev_action': {'action_name': 'action_listen'}}][0m
2024-11-11 20:38:36,256 [DEBUG]  There is a memorised next action 'utter_affirm'
2024-11-11 20:38:36,256 [DEBUG]  Node 'run_RulePolicy1' running 'RulePolicy.predict_action_probabilities'.
2024-11-11 20:38:36,257 [DEBUG]  [[32m[1mdebug    [0m] [1mrule_policy.actions.find      [0m [36mcurrent_states[0m=[35m
[state 1] user text: Привет | previous action name: action_listen[0m
2024-11-11 20:38:36,257 [DEBUG]  There is no applicable rule.
2024-11-11 20:38:36,257 [DEBUG]  [[32m[1mdebug    [0m] [1mrule_policy.actions.find      [0m [36mcurrent_states[0m=[35m
[state 1] user intent: affirm | previous action name: action_listen[0m
2024-11-11 20:38:36,257 [DEBUG]  There is no applicable rule.
2024-11-11 20:38:36,257 [DEBUG]  Node 'run_TEDPolicy2' running 'TEDPolicy.predict_action_probabilities'.
2024-11-11 20:38:36,259 [DEBUG]  TED predicted '...' based on user intent.
2024-11-11 20:38:36,259 [DEBUG]  Node 'select_prediction' running 'DefaultPolicyPredictionEnsemble.combine_predictions_from_kwargs'.
2024-11-11 20:38:36,259 [DEBUG]  Made prediction using user intent.
2024-11-11 20:38:36,259 [DEBUG]  Added `DefinePrevUserUtteredFeaturization(False)` event.
2024-11-11 20:38:36,259 [DEBUG]  Predicted next action using MemoizationPolicy.
2024-11-11 20:38:36,259 [DEBUG]  Predicted next action 'utter_affirm' with confidence 1.00.
2024-11-11 20:38:36,261 [DEBUG]  [[32m[1mdebug    [0m] [1mprocessor.actions.policy_prediction[0m [36mprediction_events[0m=[35m[<rasa.shared.core.events.DefinePrevUserUtteredFeaturization object at 0x377f2c850>][0m
2024-11-11 20:38:36,261 [DEBUG]  [[32m[1mdebug    [0m] [1mprocessor.actions.log         [0m [36maction_name[0m=[35mutter_affirm[0m [36mrasa_events[0m=[35m[BotUttered('Тестовое utter_affirm', {"elements": null, "quick_replies": null, "buttons": null, "attachment": null, "image": null, "custom": null}, {"utter_action": "utter_affirm"}, 1731346716.261108)][0m
2024-11-11 20:38:36,261 [DEBUG]  Running graph with inputs: {'__tracker__': <rasa.shared.core.trackers.DialogueStateTracker object at 0x37adbb7f0>}, targets: ['select_prediction'] and ExecutionContext(model_id='cb66d70bb9b847428b4ad4d2039654b7', should_add_diagnostic_data=False, is_finetuning=False, node_name=None).
2024-11-11 20:38:36,261 [DEBUG]  Node 'rule_only_data_provider' running 'RuleOnlyDataProvider.provide'.
2024-11-11 20:38:36,261 [DEBUG]  Node 'domain_provider' running 'DomainProvider.provide_inference'.
2024-11-11 20:38:36,261 [DEBUG]  Node 'run_MemoizationPolicy0' running 'MemoizationPolicy.predict_action_probabilities'.
2024-11-11 20:38:36,261 [DEBUG]  [[32m[1mdebug    [0m] [1mmemoization.predict.actions   [0m [36mtracker_states[0m=[35m[{'user': {'intent': 'affirm'}, 'prev_action': {'action_name': 'action_listen'}}, {'user': {'intent': 'affirm'}, 'prev_action': {'action_name': 'utter_affirm'}}][0m
2024-11-11 20:38:36,261 [DEBUG]  There is a memorised next action 'action_listen'
2024-11-11 20:38:36,261 [DEBUG]  Node 'run_RulePolicy1' running 'RulePolicy.predict_action_probabilities'.
2024-11-11 20:38:36,262 [DEBUG]  [[32m[1mdebug    [0m] [1mrule_policy.actions.find      [0m [36mcurrent_states[0m=[35m
[state 1] user intent: affirm | previous action name: action_listen
[state 2] user intent: affirm | previous action name: utter_affirm[0m
2024-11-11 20:38:36,262 [DEBUG]  There is no applicable rule.
2024-11-11 20:38:36,262 [DEBUG]  Node 'run_TEDPolicy2' running 'TEDPolicy.predict_action_probabilities'.
2024-11-11 20:38:36,263 [DEBUG]  TED predicted 'action_session_start' based on user intent.
2024-11-11 20:38:36,264 [DEBUG]  Node 'select_prediction' running 'DefaultPolicyPredictionEnsemble.combine_predictions_from_kwargs'.
2024-11-11 20:38:36,264 [DEBUG]  Predicted next action using MemoizationPolicy.
2024-11-11 20:38:36,264 [DEBUG]  Predicted next action 'action_listen' with confidence 1.00.
2024-11-11 20:38:36,264 [DEBUG]  [[32m[1mdebug    [0m] [1mprocessor.actions.policy_prediction[0m [36mprediction_events[0m=[35m[][0m
2024-11-11 20:38:36,264 [DEBUG]  [[32m[1mdebug    [0m] [1mprocessor.actions.log         [0m [36maction_name[0m=[35maction_listen[0m [36mrasa_events[0m=[35m[][0m
2024-11-11 20:38:36,264 [DEBUG]  No event broker configured. Skipping streaming events.
2024-11-11 20:38:36,264 [DEBUG]  Deleted lock for conversation 'shreyas'.
2024-11-11 20:38:48,940 [DEBUG]  Issuing ticket for conversation 'shreyas'.
2024-11-11 20:38:48,941 [DEBUG]  Acquiring lock for conversation 'shreyas'.
2024-11-11 20:38:48,941 [DEBUG]  Acquired lock for conversation 'shreyas'.
2024-11-11 20:38:48,941 [DEBUG]  Recreating tracker for id 'shreyas'
2024-11-11 20:38:48,943 [DEBUG]  Running graph with inputs: {'__message__': [<rasa.core.channels.channel.UserMessage object at 0x31bee6c50>], '__tracker__': <rasa.shared.core.trackers.DialogueStateTracker object at 0x37adbb8b0>}, targets: ['run_RegexMessageHandler'] and ExecutionContext(model_id='cb66d70bb9b847428b4ad4d2039654b7', should_add_diagnostic_data=False, is_finetuning=False, node_name=None).
2024-11-11 20:38:48,944 [DEBUG]  Node 'nlu_message_converter' running 'NLUMessageConverter.convert_user_message'.
2024-11-11 20:38:48,945 [DEBUG]  Node 'run_WhitespaceTokenizer0' running 'WhitespaceTokenizer.process'.
2024-11-11 20:38:48,946 [DEBUG]  Node 'run_RegexFeaturizer1' running 'RegexFeaturizer.process'.
2024-11-11 20:38:48,947 [DEBUG]  Node 'run_LexicalSyntacticFeaturizer2' running 'LexicalSyntacticFeaturizer.process'.
2024-11-11 20:38:48,947 [DEBUG]  Node 'run_CountVectorsFeaturizer3' running 'CountVectorsFeaturizer.process'.
2024-11-11 20:38:48,948 [DEBUG]  Node 'run_LanguageModelFeaturizer4' running 'LanguageModelFeaturizer.process'.
2024-11-11 20:38:49,058 [DEBUG]  Node 'run_DIETClassifier5' running 'DIETClassifier.process'.
2024-11-11 20:38:49,060 [DEBUG]  Node 'run_EntitySynonymMapper6' running 'EntitySynonymMapper.process'.
2024-11-11 20:38:49,060 [DEBUG]  Node 'run_ResponseSelector7' running 'ResponseSelector.process'.
2024-11-11 20:38:49,060 [DEBUG]  There is no trained model for 'ResponseSelector': The component is either not trained or didn't receive enough training data.
2024-11-11 20:38:49,060 [DEBUG]  Adding following selector key to message property: default
2024-11-11 20:38:49,060 [DEBUG]  Node 'domain_provider' running 'DomainProvider.provide_inference'.
2024-11-11 20:38:49,060 [DEBUG]  Node 'run_RegexMessageHandler' running 'RegexMessageHandler.process'.
2024-11-11 20:38:49,060 [DEBUG]  [[32m[1mdebug    [0m] [1mprocessor.message.parse       [0m [36mparse_data_entities[0m=[35m[][0m [36mparse_data_intent[0m=[35m{'name': 'greet', 'confidence': 0.40141528844833374}[0m [36mparse_data_text[0m=[35mРасскажи про архитектуру[0m
2024-11-11 20:38:49,060 [DEBUG]  Logged UserUtterance - tracker now has 10 events.
2024-11-11 20:38:49,060 [DEBUG]  Validating extracted slots: topic
2024-11-11 20:38:49,061 [DEBUG]  [[32m[1mdebug    [0m] [1mprocessor.extract.slots       [0m [36maction_extract_slot[0m=[35maction_extract_slots[0m [36mlen_extraction_events[0m=[35m1[0m [36mrasa_events[0m=[35m[SlotSet(key: topic, value: Расскажи про архитектуру)][0m
2024-11-11 20:38:49,061 [DEBUG]  Running graph with inputs: {'__tracker__': <rasa.shared.core.trackers.DialogueStateTracker object at 0x37adbb8b0>}, targets: ['select_prediction'] and ExecutionContext(model_id='cb66d70bb9b847428b4ad4d2039654b7', should_add_diagnostic_data=False, is_finetuning=False, node_name=None).
2024-11-11 20:38:49,061 [DEBUG]  Node 'rule_only_data_provider' running 'RuleOnlyDataProvider.provide'.
2024-11-11 20:38:49,061 [DEBUG]  Node 'domain_provider' running 'DomainProvider.provide_inference'.
2024-11-11 20:38:49,061 [DEBUG]  Node 'run_MemoizationPolicy0' running 'MemoizationPolicy.predict_action_probabilities'.
2024-11-11 20:38:49,061 [DEBUG]  [[32m[1mdebug    [0m] [1mmemoization.predict.actions   [0m [36mtracker_states[0m=[35m[{'user': {'intent': 'affirm'}, 'prev_action': {'action_name': 'utter_affirm'}}, {'user': {'intent': 'greet'}, 'prev_action': {'action_name': 'action_listen'}}][0m
2024-11-11 20:38:49,061 [DEBUG]  There is no memorised next action
2024-11-11 20:38:49,061 [DEBUG]  Node 'run_RulePolicy1' running 'RulePolicy.predict_action_probabilities'.
2024-11-11 20:38:49,061 [DEBUG]  [[32m[1mdebug    [0m] [1mrule_policy.actions.find      [0m [36mcurrent_states[0m=[35m
[state 1] user intent: affirm | previous action name: action_listen
[state 2] user intent: affirm | previous action name: utter_affirm
[state 3] user text: Расскажи про архитектуру | previous action name: action_listen[0m
2024-11-11 20:38:49,061 [DEBUG]  There is no applicable rule.
2024-11-11 20:38:49,061 [DEBUG]  [[32m[1mdebug    [0m] [1mrule_policy.actions.find      [0m [36mcurrent_states[0m=[35m
[state 1] user intent: affirm | previous action name: action_listen
[state 2] user intent: affirm | previous action name: utter_affirm
[state 3] user intent: greet | previous action name: action_listen[0m
2024-11-11 20:38:49,061 [DEBUG]  There is a rule for the next action 'utter_greet'.
2024-11-11 20:38:49,061 [DEBUG]  Node 'run_TEDPolicy2' running 'TEDPolicy.predict_action_probabilities'.
2024-11-11 20:38:49,063 [DEBUG]  TED predicted '...' based on user intent.
2024-11-11 20:38:49,063 [DEBUG]  Node 'select_prediction' running 'DefaultPolicyPredictionEnsemble.combine_predictions_from_kwargs'.
2024-11-11 20:38:49,063 [DEBUG]  Made prediction using user intent.
2024-11-11 20:38:49,063 [DEBUG]  Added `DefinePrevUserUtteredFeaturization(False)` event.
2024-11-11 20:38:49,063 [DEBUG]  Predicted next action using RulePolicy.
2024-11-11 20:38:49,063 [DEBUG]  Predicted next action 'utter_greet' with confidence 1.00.
2024-11-11 20:38:49,063 [DEBUG]  [[32m[1mdebug    [0m] [1mprocessor.actions.policy_prediction[0m [36mprediction_events[0m=[35m[<rasa.shared.core.events.DefinePrevUserUtteredFeaturization object at 0x377f2d1b0>][0m
2024-11-11 20:38:49,064 [DEBUG]  [[32m[1mdebug    [0m] [1mprocessor.actions.log         [0m [36maction_name[0m=[35mutter_greet[0m [36mrasa_events[0m=[35m[BotUttered('Привет! Чем могу помочь в области архитектуры программного обеспечения?', {"elements": null, "quick_replies": null, "buttons": null, "attachment": null, "image": null, "custom": null}, {"utter_action": "utter_greet"}, 1731346729.0639381)][0m
2024-11-11 20:38:49,064 [DEBUG]  Running graph with inputs: {'__tracker__': <rasa.shared.core.trackers.DialogueStateTracker object at 0x37adbb8b0>}, targets: ['select_prediction'] and ExecutionContext(model_id='cb66d70bb9b847428b4ad4d2039654b7', should_add_diagnostic_data=False, is_finetuning=False, node_name=None).
2024-11-11 20:38:49,064 [DEBUG]  Node 'rule_only_data_provider' running 'RuleOnlyDataProvider.provide'.
2024-11-11 20:38:49,064 [DEBUG]  Node 'domain_provider' running 'DomainProvider.provide_inference'.
2024-11-11 20:38:49,064 [DEBUG]  Node 'run_MemoizationPolicy0' running 'MemoizationPolicy.predict_action_probabilities'.
2024-11-11 20:38:49,064 [DEBUG]  [[32m[1mdebug    [0m] [1mmemoization.predict.actions   [0m [36mtracker_states[0m=[35m[{'user': {'intent': 'greet'}, 'prev_action': {'action_name': 'action_listen'}}, {'user': {'intent': 'greet'}, 'prev_action': {'action_name': 'utter_greet'}}][0m
2024-11-11 20:38:49,064 [DEBUG]  There is a memorised next action 'action_listen'
2024-11-11 20:38:49,064 [DEBUG]  Node 'run_RulePolicy1' running 'RulePolicy.predict_action_probabilities'.
2024-11-11 20:38:49,064 [DEBUG]  [[32m[1mdebug    [0m] [1mrule_policy.actions.find      [0m [36mcurrent_states[0m=[35m
[state 1] user intent: affirm | previous action name: action_listen
[state 2] user intent: affirm | previous action name: utter_affirm
[state 3] user intent: greet | previous action name: action_listen
[state 4] user intent: greet | previous action name: utter_greet[0m
2024-11-11 20:38:49,064 [DEBUG]  There is a rule for the next action 'action_listen'.
2024-11-11 20:38:49,064 [DEBUG]  Node 'run_TEDPolicy2' running 'TEDPolicy.predict_action_probabilities'.
2024-11-11 20:38:49,066 [DEBUG]  TED predicted '...' based on user intent.
2024-11-11 20:38:49,066 [DEBUG]  Node 'select_prediction' running 'DefaultPolicyPredictionEnsemble.combine_predictions_from_kwargs'.
2024-11-11 20:38:49,066 [DEBUG]  Predicted next action using RulePolicy.
2024-11-11 20:38:49,066 [DEBUG]  Predicted next action 'action_listen' with confidence 1.00.
2024-11-11 20:38:49,066 [DEBUG]  [[32m[1mdebug    [0m] [1mprocessor.actions.policy_prediction[0m [36mprediction_events[0m=[35m[][0m
2024-11-11 20:38:49,066 [DEBUG]  [[32m[1mdebug    [0m] [1mprocessor.actions.log         [0m [36maction_name[0m=[35maction_listen[0m [36mrasa_events[0m=[35m[][0m
2024-11-11 20:38:49,066 [DEBUG]  No event broker configured. Skipping streaming events.
2024-11-11 20:38:49,066 [DEBUG]  Deleted lock for conversation 'shreyas'.
2024-11-11 20:38:56,844 [DEBUG]  Issuing ticket for conversation 'shreyas'.
2024-11-11 20:38:56,845 [DEBUG]  Acquiring lock for conversation 'shreyas'.
2024-11-11 20:38:56,845 [DEBUG]  Acquired lock for conversation 'shreyas'.
2024-11-11 20:38:56,845 [DEBUG]  Recreating tracker for id 'shreyas'
2024-11-11 20:38:56,847 [DEBUG]  Running graph with inputs: {'__message__': [<rasa.core.channels.channel.UserMessage object at 0x31bee6cb0>], '__tracker__': <rasa.shared.core.trackers.DialogueStateTracker object at 0x37adbbb20>}, targets: ['run_RegexMessageHandler'] and ExecutionContext(model_id='cb66d70bb9b847428b4ad4d2039654b7', should_add_diagnostic_data=False, is_finetuning=False, node_name=None).
2024-11-11 20:38:56,848 [DEBUG]  Node 'nlu_message_converter' running 'NLUMessageConverter.convert_user_message'.
2024-11-11 20:38:56,848 [DEBUG]  Node 'run_WhitespaceTokenizer0' running 'WhitespaceTokenizer.process'.
2024-11-11 20:38:56,848 [DEBUG]  Node 'run_RegexFeaturizer1' running 'RegexFeaturizer.process'.
2024-11-11 20:38:56,848 [DEBUG]  Node 'run_LexicalSyntacticFeaturizer2' running 'LexicalSyntacticFeaturizer.process'.
2024-11-11 20:38:56,849 [DEBUG]  Node 'run_CountVectorsFeaturizer3' running 'CountVectorsFeaturizer.process'.
2024-11-11 20:38:56,850 [DEBUG]  Node 'run_LanguageModelFeaturizer4' running 'LanguageModelFeaturizer.process'.
2024-11-11 20:38:56,930 [DEBUG]  Node 'run_DIETClassifier5' running 'DIETClassifier.process'.
2024-11-11 20:38:56,931 [DEBUG]  Node 'run_EntitySynonymMapper6' running 'EntitySynonymMapper.process'.
2024-11-11 20:38:56,932 [DEBUG]  Node 'run_ResponseSelector7' running 'ResponseSelector.process'.
2024-11-11 20:38:56,932 [DEBUG]  There is no trained model for 'ResponseSelector': The component is either not trained or didn't receive enough training data.
2024-11-11 20:38:56,932 [DEBUG]  Adding following selector key to message property: default
2024-11-11 20:38:56,932 [DEBUG]  Node 'domain_provider' running 'DomainProvider.provide_inference'.
2024-11-11 20:38:56,932 [DEBUG]  Node 'run_RegexMessageHandler' running 'RegexMessageHandler.process'.
2024-11-11 20:38:56,932 [DEBUG]  [[32m[1mdebug    [0m] [1mprocessor.message.parse       [0m [36mparse_data_entities[0m=[35m[][0m [36mparse_data_intent[0m=[35m{'name': 'affirm', 'confidence': 0.3169228434562683}[0m [36mparse_data_text[0m=[35mПока[0m
2024-11-11 20:38:56,932 [DEBUG]  Logged UserUtterance - tracker now has 16 events.
2024-11-11 20:38:56,932 [DEBUG]  Validating extracted slots: topic
2024-11-11 20:38:56,932 [DEBUG]  [[32m[1mdebug    [0m] [1mprocessor.extract.slots       [0m [36maction_extract_slot[0m=[35maction_extract_slots[0m [36mlen_extraction_events[0m=[35m1[0m [36mrasa_events[0m=[35m[SlotSet(key: topic, value: Пока)][0m
2024-11-11 20:38:56,932 [DEBUG]  Running graph with inputs: {'__tracker__': <rasa.shared.core.trackers.DialogueStateTracker object at 0x37adbbb20>}, targets: ['select_prediction'] and ExecutionContext(model_id='cb66d70bb9b847428b4ad4d2039654b7', should_add_diagnostic_data=False, is_finetuning=False, node_name=None).
2024-11-11 20:38:56,932 [DEBUG]  Node 'rule_only_data_provider' running 'RuleOnlyDataProvider.provide'.
2024-11-11 20:38:56,932 [DEBUG]  Node 'domain_provider' running 'DomainProvider.provide_inference'.
2024-11-11 20:38:56,932 [DEBUG]  Node 'run_MemoizationPolicy0' running 'MemoizationPolicy.predict_action_probabilities'.
2024-11-11 20:38:56,933 [DEBUG]  [[32m[1mdebug    [0m] [1mmemoization.predict.actions   [0m [36mtracker_states[0m=[35m[{'user': {'intent': 'greet'}, 'prev_action': {'action_name': 'utter_greet'}}, {'user': {'intent': 'affirm'}, 'prev_action': {'action_name': 'action_listen'}}][0m
2024-11-11 20:38:56,933 [DEBUG]  There is no memorised next action
2024-11-11 20:38:56,933 [DEBUG]  Node 'run_RulePolicy1' running 'RulePolicy.predict_action_probabilities'.
2024-11-11 20:38:56,933 [DEBUG]  [[32m[1mdebug    [0m] [1mrule_policy.actions.find      [0m [36mcurrent_states[0m=[35m
[state 1] user intent: affirm | previous action name: action_listen
[state 2] user intent: affirm | previous action name: utter_affirm
[state 3] user intent: greet | previous action name: action_listen
[state 4] user intent: greet | previous action name: utter_greet
[state 5] user text: Пока | previous action name: action_listen[0m
2024-11-11 20:38:56,933 [DEBUG]  There is no applicable rule.
2024-11-11 20:38:56,933 [DEBUG]  [[32m[1mdebug    [0m] [1mrule_policy.actions.find      [0m [36mcurrent_states[0m=[35m
[state 1] user intent: affirm | previous action name: action_listen
[state 2] user intent: affirm | previous action name: utter_affirm
[state 3] user intent: greet | previous action name: action_listen
[state 4] user intent: greet | previous action name: utter_greet
[state 5] user intent: affirm | previous action name: action_listen[0m
2024-11-11 20:38:56,933 [DEBUG]  There is no applicable rule.
2024-11-11 20:38:56,933 [DEBUG]  Node 'run_TEDPolicy2' running 'TEDPolicy.predict_action_probabilities'.
2024-11-11 20:38:56,935 [DEBUG]  TED predicted '...' based on user intent.
2024-11-11 20:38:56,935 [DEBUG]  Node 'select_prediction' running 'DefaultPolicyPredictionEnsemble.combine_predictions_from_kwargs'.
2024-11-11 20:38:56,935 [DEBUG]  Made prediction using user intent.
2024-11-11 20:38:56,935 [DEBUG]  Added `DefinePrevUserUtteredFeaturization(False)` event.
2024-11-11 20:38:56,935 [DEBUG]  Predicted next action using RulePolicy.
2024-11-11 20:38:56,935 [DEBUG]  Predicted next action 'action_default_fallback' with confidence 0.30.
2024-11-11 20:38:56,935 [DEBUG]  [[32m[1mdebug    [0m] [1mprocessor.actions.policy_prediction[0m [36mprediction_events[0m=[35m[<rasa.shared.core.events.DefinePrevUserUtteredFeaturization object at 0x377f2cfa0>][0m
2024-11-11 20:38:56,935 [DEBUG]  [[32m[1mdebug    [0m] [1mprocessor.actions.log         [0m [36maction_name[0m=[35maction_default_fallback[0m [36mrasa_events[0m=[35m[<rasa.shared.core.events.UserUtteranceReverted object at 0x377f2d810>][0m
2024-11-11 20:38:56,935 [DEBUG]  [[32m[1mdebug    [0m] [1mprocessor.slots.log           [0m [36mslot_values[0m=[35m	topic: Расскажи про архитектуру
	session_started_metadata: None[0m
2024-11-11 20:38:56,935 [DEBUG]  Running graph with inputs: {'__tracker__': <rasa.shared.core.trackers.DialogueStateTracker object at 0x37adbbb20>}, targets: ['select_prediction'] and ExecutionContext(model_id='cb66d70bb9b847428b4ad4d2039654b7', should_add_diagnostic_data=False, is_finetuning=False, node_name=None).
2024-11-11 20:38:56,935 [DEBUG]  Node 'rule_only_data_provider' running 'RuleOnlyDataProvider.provide'.
2024-11-11 20:38:56,935 [DEBUG]  Node 'domain_provider' running 'DomainProvider.provide_inference'.
2024-11-11 20:38:56,935 [DEBUG]  Node 'run_MemoizationPolicy0' running 'MemoizationPolicy.predict_action_probabilities'.
2024-11-11 20:38:56,936 [DEBUG]  [[32m[1mdebug    [0m] [1mmemoization.predict.actions   [0m [36mtracker_states[0m=[35m[{'user': {'intent': 'greet'}, 'prev_action': {'action_name': 'action_listen'}}, {'user': {'intent': 'greet'}, 'prev_action': {'action_name': 'utter_greet'}}][0m
2024-11-11 20:38:56,936 [DEBUG]  There is a memorised next action 'action_listen'
2024-11-11 20:38:56,936 [DEBUG]  Node 'run_RulePolicy1' running 'RulePolicy.predict_action_probabilities'.
2024-11-11 20:38:56,936 [DEBUG]  [[32m[1mdebug    [0m] [1mrule_policy.actions.find      [0m [36mcurrent_states[0m=[35m
[state 1] user intent: affirm | previous action name: action_listen
[state 2] user intent: affirm | previous action name: utter_affirm
[state 3] user intent: greet | previous action name: action_listen
[state 4] user intent: greet | previous action name: utter_greet[0m
2024-11-11 20:38:56,936 [DEBUG]  There is a rule for the next action 'action_listen'.
2024-11-11 20:38:56,936 [DEBUG]  Node 'run_TEDPolicy2' running 'TEDPolicy.predict_action_probabilities'.
2024-11-11 20:38:56,939 [DEBUG]  TED predicted '...' based on user intent.
2024-11-11 20:38:56,939 [DEBUG]  Node 'select_prediction' running 'DefaultPolicyPredictionEnsemble.combine_predictions_from_kwargs'.
2024-11-11 20:38:56,939 [DEBUG]  Predicted next action using RulePolicy.
2024-11-11 20:38:56,939 [DEBUG]  Predicted next action 'action_listen' with confidence 1.00.
2024-11-11 20:38:56,940 [DEBUG]  [[32m[1mdebug    [0m] [1mprocessor.actions.policy_prediction[0m [36mprediction_events[0m=[35m[][0m
2024-11-11 20:38:56,940 [DEBUG]  [[32m[1mdebug    [0m] [1mprocessor.actions.log         [0m [36maction_name[0m=[35maction_listen[0m [36mrasa_events[0m=[35m[][0m
2024-11-11 20:38:56,940 [DEBUG]  No event broker configured. Skipping streaming events.
2024-11-11 20:38:56,940 [DEBUG]  Deleted lock for conversation 'shreyas'.
2024-11-11 20:38:59,767 [DEBUG]  Issuing ticket for conversation 'shreyas'.
2024-11-11 20:38:59,767 [DEBUG]  Acquiring lock for conversation 'shreyas'.
2024-11-11 20:38:59,768 [DEBUG]  Acquired lock for conversation 'shreyas'.
2024-11-11 20:38:59,768 [DEBUG]  Recreating tracker for id 'shreyas'
2024-11-11 20:38:59,770 [DEBUG]  Running graph with inputs: {'__message__': [<rasa.core.channels.channel.UserMessage object at 0x31bee6c50>], '__tracker__': <rasa.shared.core.trackers.DialogueStateTracker object at 0x3790ca020>}, targets: ['run_RegexMessageHandler'] and ExecutionContext(model_id='cb66d70bb9b847428b4ad4d2039654b7', should_add_diagnostic_data=False, is_finetuning=False, node_name=None).
2024-11-11 20:38:59,771 [DEBUG]  Node 'nlu_message_converter' running 'NLUMessageConverter.convert_user_message'.
2024-11-11 20:38:59,771 [DEBUG]  Node 'run_WhitespaceTokenizer0' running 'WhitespaceTokenizer.process'.
2024-11-11 20:38:59,772 [DEBUG]  Node 'run_RegexFeaturizer1' running 'RegexFeaturizer.process'.
2024-11-11 20:38:59,772 [DEBUG]  Node 'run_LexicalSyntacticFeaturizer2' running 'LexicalSyntacticFeaturizer.process'.
2024-11-11 20:38:59,772 [DEBUG]  Node 'run_CountVectorsFeaturizer3' running 'CountVectorsFeaturizer.process'.
2024-11-11 20:38:59,773 [DEBUG]  Node 'run_LanguageModelFeaturizer4' running 'LanguageModelFeaturizer.process'.
2024-11-11 20:38:59,878 [DEBUG]  Node 'run_DIETClassifier5' running 'DIETClassifier.process'.
2024-11-11 20:38:59,880 [DEBUG]  Node 'run_EntitySynonymMapper6' running 'EntitySynonymMapper.process'.
2024-11-11 20:38:59,880 [DEBUG]  Node 'run_ResponseSelector7' running 'ResponseSelector.process'.
2024-11-11 20:38:59,881 [DEBUG]  There is no trained model for 'ResponseSelector': The component is either not trained or didn't receive enough training data.
2024-11-11 20:38:59,881 [DEBUG]  Adding following selector key to message property: default
2024-11-11 20:38:59,881 [DEBUG]  Node 'domain_provider' running 'DomainProvider.provide_inference'.
2024-11-11 20:38:59,881 [DEBUG]  Node 'run_RegexMessageHandler' running 'RegexMessageHandler.process'.
2024-11-11 20:38:59,881 [DEBUG]  [[32m[1mdebug    [0m] [1mprocessor.message.parse       [0m [36mparse_data_entities[0m=[35m[][0m [36mparse_data_intent[0m=[35m{'name': 'affirm', 'confidence': 0.3208117187023163}[0m [36mparse_data_text[0m=[35mПривет[0m
2024-11-11 20:38:59,881 [DEBUG]  Logged UserUtterance - tracker now has 22 events.
2024-11-11 20:38:59,881 [DEBUG]  Validating extracted slots: topic
2024-11-11 20:38:59,881 [DEBUG]  [[32m[1mdebug    [0m] [1mprocessor.extract.slots       [0m [36maction_extract_slot[0m=[35maction_extract_slots[0m [36mlen_extraction_events[0m=[35m1[0m [36mrasa_events[0m=[35m[SlotSet(key: topic, value: Привет)][0m
2024-11-11 20:38:59,881 [DEBUG]  Running graph with inputs: {'__tracker__': <rasa.shared.core.trackers.DialogueStateTracker object at 0x3790ca020>}, targets: ['select_prediction'] and ExecutionContext(model_id='cb66d70bb9b847428b4ad4d2039654b7', should_add_diagnostic_data=False, is_finetuning=False, node_name=None).
2024-11-11 20:38:59,881 [DEBUG]  Node 'rule_only_data_provider' running 'RuleOnlyDataProvider.provide'.
2024-11-11 20:38:59,881 [DEBUG]  Node 'domain_provider' running 'DomainProvider.provide_inference'.
2024-11-11 20:38:59,882 [DEBUG]  Node 'run_MemoizationPolicy0' running 'MemoizationPolicy.predict_action_probabilities'.
2024-11-11 20:38:59,882 [DEBUG]  [[32m[1mdebug    [0m] [1mmemoization.predict.actions   [0m [36mtracker_states[0m=[35m[{'user': {'intent': 'greet'}, 'prev_action': {'action_name': 'utter_greet'}}, {'user': {'intent': 'affirm'}, 'prev_action': {'action_name': 'action_listen'}}][0m
2024-11-11 20:38:59,882 [DEBUG]  There is no memorised next action
2024-11-11 20:38:59,882 [DEBUG]  Node 'run_RulePolicy1' running 'RulePolicy.predict_action_probabilities'.
2024-11-11 20:38:59,882 [DEBUG]  [[32m[1mdebug    [0m] [1mrule_policy.actions.find      [0m [36mcurrent_states[0m=[35m
[state 1] user intent: affirm | previous action name: action_listen
[state 2] user intent: affirm | previous action name: utter_affirm
[state 3] user intent: greet | previous action name: action_listen
[state 4] user intent: greet | previous action name: utter_greet
[state 5] user text: Привет | previous action name: action_listen[0m
2024-11-11 20:38:59,882 [DEBUG]  There is no applicable rule.
2024-11-11 20:38:59,882 [DEBUG]  [[32m[1mdebug    [0m] [1mrule_policy.actions.find      [0m [36mcurrent_states[0m=[35m
[state 1] user intent: affirm | previous action name: action_listen
[state 2] user intent: affirm | previous action name: utter_affirm
[state 3] user intent: greet | previous action name: action_listen
[state 4] user intent: greet | previous action name: utter_greet
[state 5] user intent: affirm | previous action name: action_listen[0m
2024-11-11 20:38:59,882 [DEBUG]  There is no applicable rule.
2024-11-11 20:38:59,882 [DEBUG]  Node 'run_TEDPolicy2' running 'TEDPolicy.predict_action_probabilities'.
2024-11-11 20:38:59,884 [DEBUG]  TED predicted '...' based on user intent.
2024-11-11 20:38:59,884 [DEBUG]  Node 'select_prediction' running 'DefaultPolicyPredictionEnsemble.combine_predictions_from_kwargs'.
2024-11-11 20:38:59,884 [DEBUG]  Made prediction using user intent.
2024-11-11 20:38:59,884 [DEBUG]  Added `DefinePrevUserUtteredFeaturization(False)` event.
2024-11-11 20:38:59,884 [DEBUG]  Predicted next action using RulePolicy.
2024-11-11 20:38:59,884 [DEBUG]  Predicted next action 'action_default_fallback' with confidence 0.30.
2024-11-11 20:38:59,884 [DEBUG]  [[32m[1mdebug    [0m] [1mprocessor.actions.policy_prediction[0m [36mprediction_events[0m=[35m[<rasa.shared.core.events.DefinePrevUserUtteredFeaturization object at 0x377f2f400>][0m
2024-11-11 20:38:59,884 [DEBUG]  [[32m[1mdebug    [0m] [1mprocessor.actions.log         [0m [36maction_name[0m=[35maction_default_fallback[0m [36mrasa_events[0m=[35m[<rasa.shared.core.events.UserUtteranceReverted object at 0x377f2e7d0>][0m
2024-11-11 20:38:59,884 [DEBUG]  [[32m[1mdebug    [0m] [1mprocessor.slots.log           [0m [36mslot_values[0m=[35m	topic: Расскажи про архитектуру
	session_started_metadata: None[0m
2024-11-11 20:38:59,885 [DEBUG]  Running graph with inputs: {'__tracker__': <rasa.shared.core.trackers.DialogueStateTracker object at 0x3790ca020>}, targets: ['select_prediction'] and ExecutionContext(model_id='cb66d70bb9b847428b4ad4d2039654b7', should_add_diagnostic_data=False, is_finetuning=False, node_name=None).
2024-11-11 20:38:59,885 [DEBUG]  Node 'rule_only_data_provider' running 'RuleOnlyDataProvider.provide'.
2024-11-11 20:38:59,885 [DEBUG]  Node 'domain_provider' running 'DomainProvider.provide_inference'.
2024-11-11 20:38:59,885 [DEBUG]  Node 'run_MemoizationPolicy0' running 'MemoizationPolicy.predict_action_probabilities'.
2024-11-11 20:38:59,885 [DEBUG]  [[32m[1mdebug    [0m] [1mmemoization.predict.actions   [0m [36mtracker_states[0m=[35m[{'user': {'intent': 'greet'}, 'prev_action': {'action_name': 'action_listen'}}, {'user': {'intent': 'greet'}, 'prev_action': {'action_name': 'utter_greet'}}][0m
2024-11-11 20:38:59,885 [DEBUG]  There is a memorised next action 'action_listen'
2024-11-11 20:38:59,885 [DEBUG]  Node 'run_RulePolicy1' running 'RulePolicy.predict_action_probabilities'.
2024-11-11 20:38:59,885 [DEBUG]  [[32m[1mdebug    [0m] [1mrule_policy.actions.find      [0m [36mcurrent_states[0m=[35m
[state 1] user intent: affirm | previous action name: action_listen
[state 2] user intent: affirm | previous action name: utter_affirm
[state 3] user intent: greet | previous action name: action_listen
[state 4] user intent: greet | previous action name: utter_greet[0m
2024-11-11 20:38:59,885 [DEBUG]  There is a rule for the next action 'action_listen'.
2024-11-11 20:38:59,885 [DEBUG]  Node 'run_TEDPolicy2' running 'TEDPolicy.predict_action_probabilities'.
2024-11-11 20:38:59,886 [DEBUG]  TED predicted '...' based on user intent.
2024-11-11 20:38:59,886 [DEBUG]  Node 'select_prediction' running 'DefaultPolicyPredictionEnsemble.combine_predictions_from_kwargs'.
2024-11-11 20:38:59,886 [DEBUG]  Predicted next action using RulePolicy.
2024-11-11 20:38:59,887 [DEBUG]  Predicted next action 'action_listen' with confidence 1.00.
2024-11-11 20:38:59,887 [DEBUG]  [[32m[1mdebug    [0m] [1mprocessor.actions.policy_prediction[0m [36mprediction_events[0m=[35m[][0m
2024-11-11 20:38:59,887 [DEBUG]  [[32m[1mdebug    [0m] [1mprocessor.actions.log         [0m [36maction_name[0m=[35maction_listen[0m [36mrasa_events[0m=[35m[][0m
2024-11-11 20:38:59,887 [DEBUG]  No event broker configured. Skipping streaming events.
2024-11-11 20:38:59,887 [DEBUG]  Deleted lock for conversation 'shreyas'.
